1505382194029	geckodriver	INFO	geckodriver 0.18.0
1505382194032	geckodriver	INFO	Listening on 127.0.0.1:41966
1505382195167	geckodriver::marionette	INFO	Starting browser /usr/bin/firefox with args ["-marionette"]
1505382195589	Marionette	INFO	Enabled via --marionette
[fresh] [error] load_ppp_module, can't find libpepflashplayer.so
[fresh] [error] load_ppp_module, can't find libpepflashplayer.so
[fresh] [error] load_ppp_module, can't find libpepflashplayer.so
[fresh] [error] load_ppp_module, can't find libpepflashplayer.so
[fresh] [error] load_ppp_module, can't find libpepflashplayer.so
[fresh] [error] load_ppp_module, can't find libpepflashplayer.so
1505382196649	Marionette	INFO	Listening on port 45520
JavaScript error: chrome://marionette/content/server.js, line 337: NS_ERROR_SOCKET_ADDRESS_IN_USE: Component returned failure code: 0x804b0036 (NS_ERROR_SOCKET_ADDRESS_IN_USE) [nsIServerSocket.initSpecialConnection]
1505382196683	Marionette	WARN	TLS certificate errors will be ignored for this session
1505382196714	Marionette	DEBUG	loaded listener.js
1505382196738	Marionette	DEBUG	Received DOM event "beforeunload" for "about:blank"
1505382196747	Marionette	DEBUG	Received DOM event "beforeunload" for "about:blank"
1505382196749	Marionette	DEBUG	Received DOM event "pagehide" for "about:blank"
1505382196749	Marionette	DEBUG	Received DOM event "unload" for "about:blank"
1505382196769	Marionette	DEBUG	Received DOM event "DOMContentLoaded" for "about:neterror?e=connectionFailure&u=http%3A//localhost%3A8080/&c=UTF-8&f=regular&d=Firefox%20can%E2%80%99t%20establish%20a%20connection%20to%20the%20server%20at%20localhost%3A8080."
1505382196787	Marionette	INFO	New connections will no longer be accepted
1505382358079	geckodriver	INFO	geckodriver 0.18.0
1505382358081	geckodriver	INFO	Listening on 127.0.0.1:40274
1505382359200	geckodriver::marionette	INFO	Starting browser /usr/bin/firefox with args ["-marionette"]
1505382359620	Marionette	INFO	Enabled via --marionette
[fresh] [error] load_ppp_module, can't find libpepflashplayer.so
[fresh] [error] load_ppp_module, can't find libpepflashplayer.so
[fresh] [error] load_ppp_module, can't find libpepflashplayer.so
[fresh] [error] load_ppp_module, can't find libpepflashplayer.so
[fresh] [error] load_ppp_module, can't find libpepflashplayer.so
[fresh] [error] load_ppp_module, can't find libpepflashplayer.so
1505382360606	Marionette	INFO	Listening on port 40614
JavaScript error: chrome://marionette/content/server.js, line 337: NS_ERROR_SOCKET_ADDRESS_IN_USE: Component returned failure code: 0x804b0036 (NS_ERROR_SOCKET_ADDRESS_IN_USE) [nsIServerSocket.initSpecialConnection]
1505382360709	Marionette	WARN	TLS certificate errors will be ignored for this session
1505382360736	Marionette	DEBUG	loaded listener.js
1505382360760	Marionette	DEBUG	Received DOM event "beforeunload" for "about:blank"
1505382360770	Marionette	DEBUG	Received DOM event "pagehide" for "about:blank"
1505382360770	Marionette	DEBUG	Received DOM event "unload" for "about:blank"
1505382360807	Marionette	DEBUG	Received DOM event "DOMContentLoaded" for "http://localhost:8080/"
1505382360849	Marionette	DEBUG	Received DOM event "pageshow" for "http://localhost:8080/"
1505382365960	Marionette	INFO	New connections will no longer be accepted
1505383599383	geckodriver	INFO	geckodriver 0.18.0
1505383599385	geckodriver	INFO	Listening on 127.0.0.1:42059
1505383600469	geckodriver::marionette	INFO	Starting browser /usr/bin/firefox with args ["-marionette"]
1505383600883	Marionette	INFO	Enabled via --marionette
[fresh] [error] load_ppp_module, can't find libpepflashplayer.so
[fresh] [error] load_ppp_module, can't find libpepflashplayer.so
[fresh] [error] load_ppp_module, can't find libpepflashplayer.so
[fresh] [error] load_ppp_module, can't find libpepflashplayer.so
[fresh] [error] load_ppp_module, can't find libpepflashplayer.so
[fresh] [error] load_ppp_module, can't find libpepflashplayer.so
1505383601979	Marionette	INFO	Listening on port 39290
JavaScript error: chrome://marionette/content/server.js, line 337: NS_ERROR_SOCKET_ADDRESS_IN_USE: Component returned failure code: 0x804b0036 (NS_ERROR_SOCKET_ADDRESS_IN_USE) [nsIServerSocket.initSpecialConnection]
1505383602078	Marionette	WARN	TLS certificate errors will be ignored for this session
1505383602109	Marionette	DEBUG	loaded listener.js
1505383602141	Marionette	INFO	New connections will no longer be accepted
1505383709834	geckodriver	INFO	geckodriver 0.18.0
1505383709836	geckodriver	INFO	Listening on 127.0.0.1:55905
1505383710952	geckodriver::marionette	INFO	Starting browser /usr/bin/firefox with args ["-marionette"]
1505383711349	Marionette	INFO	Enabled via --marionette
[fresh] [error] load_ppp_module, can't find libpepflashplayer.so
[fresh] [error] load_ppp_module, can't find libpepflashplayer.so
[fresh] [error] load_ppp_module, can't find libpepflashplayer.so
[fresh] [error] load_ppp_module, can't find libpepflashplayer.so
[fresh] [error] load_ppp_module, can't find libpepflashplayer.so
[fresh] [error] load_ppp_module, can't find libpepflashplayer.so
1505383712384	Marionette	INFO	Listening on port 38265
JavaScript error: chrome://marionette/content/server.js, line 337: NS_ERROR_SOCKET_ADDRESS_IN_USE: Component returned failure code: 0x804b0036 (NS_ERROR_SOCKET_ADDRESS_IN_USE) [nsIServerSocket.initSpecialConnection]
1505383712468	Marionette	WARN	TLS certificate errors will be ignored for this session
1505383712499	Marionette	DEBUG	loaded listener.js
1505383712516	Marionette	DEBUG	Received DOM event "beforeunload" for "about:blank"
1505383715202	Marionette	DEBUG	Received DOM event "pagehide" for "about:blank"
1505383715202	Marionette	DEBUG	Received DOM event "unload" for "about:blank"
1505383716124	Marionette	DEBUG	Received DOM event "DOMContentLoaded" for "https://mercer.000webhostapp.com/"
1505383723172	Marionette	DEBUG	Received DOM event "pageshow" for "https://mercer.000webhostapp.com/"
1505383723222	Marionette	DEBUG	Received DOM event "DOMContentLoaded" for "https://mercer.000webhostapp.com/"
1505383729055	Marionette	DEBUG	Received DOM event "pageshow" for "https://mercer.000webhostapp.com/"
1505383773344	Marionette	DEBUG	Received DOM event "pageshow" for "https://mercer.000webhostapp.com/"
1505383773381	Marionette	DEBUG	Received DOM event "beforeunload" for "https://mercer.000webhostapp.com/"
1505383790032	Marionette	DEBUG	Received DOM event "pagehide" for "https://mercer.000webhostapp.com/"
1505383790039	Marionette	DEBUG	Received DOM event "unload" for "https://mercer.000webhostapp.com/"
1505383790081	Marionette	DEBUG	Received observer notification "outer-window-destroyed" for "2147483653"
1505383790086	Marionette	DEBUG	Received DOM event "DOMContentLoaded" for "https://fundko.000webhostapp.com/"
1505383792710	Marionette	DEBUG	Received DOM event "pageshow" for "https://fundko.000webhostapp.com/"
1505383797727	Marionette	INFO	New connections will no longer be accepted
[Child 6801] WARNING: pipe error (20): Connection reset by peer: file /build/firefox-S0wyi8/firefox-55.0.2+build1/ipc/chromium/src/chrome/common/ipc_channel_posix.cc, line 353
[Child 6801] WARNING: pipe error (3): Connection reset by peer: file /build/firefox-S0wyi8/firefox-55.0.2+build1/ipc/chromium/src/chrome/common/ipc_channel_posix.cc, line 353
1505383903140	geckodriver	INFO	geckodriver 0.18.0
1505383903144	geckodriver	INFO	Listening on 127.0.0.1:55655
1505383904254	geckodriver::marionette	INFO	Starting browser /usr/bin/firefox with args ["-marionette"]
1505383904687	Marionette	INFO	Enabled via --marionette
[fresh] [error] load_ppp_module, can't find libpepflashplayer.so
[fresh] [error] load_ppp_module, can't find libpepflashplayer.so
[fresh] [error] load_ppp_module, can't find libpepflashplayer.so
[fresh] [error] load_ppp_module, can't find libpepflashplayer.so
[fresh] [error] load_ppp_module, can't find libpepflashplayer.so
[fresh] [error] load_ppp_module, can't find libpepflashplayer.so
1505383905622	Marionette	INFO	Listening on port 34385
1505383905706	Marionette	WARN	TLS certificate errors will be ignored for this session
JavaScript error: chrome://marionette/content/server.js, line 337: NS_ERROR_SOCKET_ADDRESS_IN_USE: Component returned failure code: 0x804b0036 (NS_ERROR_SOCKET_ADDRESS_IN_USE) [nsIServerSocket.initSpecialConnection]
1505383905737	Marionette	DEBUG	loaded listener.js
1505383905753	Marionette	DEBUG	Received DOM event "beforeunload" for "about:blank"
1505383910831	Marionette	DEBUG	Received DOM event "pagehide" for "about:blank"
1505383910832	Marionette	DEBUG	Received DOM event "unload" for "about:blank"
1505383911658	Marionette	DEBUG	Received DOM event "DOMContentLoaded" for "https://mercer.000webhostapp.com/"
1505383913799	Marionette	DEBUG	Received DOM event "pageshow" for "https://mercer.000webhostapp.com/"
1505383913839	Marionette	DEBUG	Received DOM event "beforeunload" for "https://mercer.000webhostapp.com/"
1505383915831	Marionette	DEBUG	Received DOM event "pagehide" for "https://mercer.000webhostapp.com/"
1505383915832	Marionette	DEBUG	Received DOM event "unload" for "https://mercer.000webhostapp.com/"
1505383915886	Marionette	DEBUG	Received DOM event "DOMContentLoaded" for "https://fundko.000webhostapp.com/"
1505383918500	Marionette	DEBUG	Received DOM event "pageshow" for "https://fundko.000webhostapp.com/"
1505383923624	Marionette	INFO	New connections will no longer be accepted
[Child 7051] WARNING: pipe error (20): Connection reset by peer: file /build/firefox-S0wyi8/firefox-55.0.2+build1/ipc/chromium/src/chrome/common/ipc_channel_posix.cc, line 353
[Child 7051] WARNING: pipe error (3): Connection reset by peer: file /build/firefox-S0wyi8/firefox-55.0.2+build1/ipc/chromium/src/chrome/common/ipc_channel_posix.cc, line 353
1505383960265	geckodriver	INFO	geckodriver 0.18.0
1505383960267	geckodriver	INFO	Listening on 127.0.0.1:50522
1505383961383	geckodriver::marionette	INFO	Starting browser /usr/bin/firefox with args ["-marionette"]
1505383961789	Marionette	INFO	Enabled via --marionette
[fresh] [error] load_ppp_module, can't find libpepflashplayer.so
[fresh] [error] load_ppp_module, can't find libpepflashplayer.so
[fresh] [error] load_ppp_module, can't find libpepflashplayer.so
[fresh] [error] load_ppp_module, can't find libpepflashplayer.so
[fresh] [error] load_ppp_module, can't find libpepflashplayer.so
[fresh] [error] load_ppp_module, can't find libpepflashplayer.so
1505383962817	Marionette	INFO	Listening on port 37560
JavaScript error: chrome://marionette/content/server.js, line 337: NS_ERROR_SOCKET_ADDRESS_IN_USE: Component returned failure code: 0x804b0036 (NS_ERROR_SOCKET_ADDRESS_IN_USE) [nsIServerSocket.initSpecialConnection]
1505383962894	Marionette	WARN	TLS certificate errors will be ignored for this session
1505383962923	Marionette	DEBUG	loaded listener.js
1505383962938	Marionette	DEBUG	Received DOM event "beforeunload" for "about:blank"
1505383962948	Marionette	DEBUG	Received DOM event "pagehide" for "about:blank"
1505383962948	Marionette	DEBUG	Received DOM event "unload" for "about:blank"
1505383962952	Marionette	DEBUG	Received DOM event "DOMContentLoaded" for "http://localhost:8080/mercer/"
1505383962969	Marionette	DEBUG	Received DOM event "pageshow" for "http://localhost:8080/mercer/"
1505383962991	Marionette	DEBUG	Received DOM event "beforeunload" for "http://localhost:8080/mercer/"
1505383962999	Marionette	DEBUG	Received DOM event "pagehide" for "http://localhost:8080/mercer/"
1505383962999	Marionette	DEBUG	Received DOM event "unload" for "http://localhost:8080/mercer/"
1505383963026	Marionette	DEBUG	Received DOM event "DOMContentLoaded" for "http://localhost:8080/"
1505383963058	Marionette	DEBUG	Received DOM event "pageshow" for "http://localhost:8080/"
1505383968173	Marionette	INFO	New connections will no longer be accepted
[Child 7204] WARNING: pipe error (20): Connection reset by peer: file /build/firefox-S0wyi8/firefox-55.0.2+build1/ipc/chromium/src/chrome/common/ipc_channel_posix.cc, line 353
[Child 7204] WARNING: pipe error (36): Connection reset by peer: file /build/firefox-S0wyi8/firefox-55.0.2+build1/ipc/chromium/src/chrome/common/ipc_channel_posix.cc, line 353
[Child 7204] WARNING: pipe error (3): Connection reset by peer: file /build/firefox-S0wyi8/firefox-55.0.2+build1/ipc/chromium/src/chrome/common/ipc_channel_posix.cc, line 353
1505385606593	geckodriver	INFO	geckodriver 0.18.0
1505385606596	geckodriver	INFO	Listening on 127.0.0.1:37654
1505385607680	geckodriver::marionette	INFO	Starting browser /usr/bin/firefox with args ["-marionette"]
1505385608076	Marionette	INFO	Enabled via --marionette
[fresh] [error] load_ppp_module, can't find libpepflashplayer.so
[fresh] [error] load_ppp_module, can't find libpepflashplayer.so
[fresh] [error] load_ppp_module, can't find libpepflashplayer.so
[fresh] [error] load_ppp_module, can't find libpepflashplayer.so
[fresh] [error] load_ppp_module, can't find libpepflashplayer.so
[fresh] [error] load_ppp_module, can't find libpepflashplayer.so
1505385609083	Marionette	INFO	Listening on port 41799
1505385609091	Marionette	WARN	TLS certificate errors will be ignored for this session
JavaScript error: chrome://marionette/content/server.js, line 337: NS_ERROR_SOCKET_ADDRESS_IN_USE: Component returned failure code: 0x804b0036 (NS_ERROR_SOCKET_ADDRESS_IN_USE) [nsIServerSocket.initSpecialConnection]
1505385609120	Marionette	DEBUG	loaded listener.js
1505385609139	Marionette	INFO	New connections will no longer be accepted
1505385709715	geckodriver	INFO	geckodriver 0.18.0
1505385709718	geckodriver	INFO	Listening on 127.0.0.1:56163
1505385710833	geckodriver::marionette	INFO	Starting browser /usr/bin/firefox with args ["-marionette"]
1505385711242	Marionette	INFO	Enabled via --marionette
[fresh] [error] load_ppp_module, can't find libpepflashplayer.so
[fresh] [error] load_ppp_module, can't find libpepflashplayer.so
[fresh] [error] load_ppp_module, can't find libpepflashplayer.so
[fresh] [error] load_ppp_module, can't find libpepflashplayer.so
[fresh] [error] load_ppp_module, can't find libpepflashplayer.so
[fresh] [error] load_ppp_module, can't find libpepflashplayer.so
1505385712227	Marionette	INFO	Listening on port 46491
1505385712333	Marionette	WARN	TLS certificate errors will be ignored for this session
JavaScript error: chrome://marionette/content/server.js, line 337: NS_ERROR_SOCKET_ADDRESS_IN_USE: Component returned failure code: 0x804b0036 (NS_ERROR_SOCKET_ADDRESS_IN_USE) [nsIServerSocket.initSpecialConnection]
1505385712377	Marionette	DEBUG	loaded listener.js
1505385712401	Marionette	INFO	New connections will no longer be accepted
1505385775994	geckodriver	INFO	geckodriver 0.18.0
1505385775997	geckodriver	INFO	Listening on 127.0.0.1:57516
1505385777108	geckodriver::marionette	INFO	Starting browser /usr/bin/firefox with args ["-marionette"]
1505385777507	Marionette	INFO	Enabled via --marionette
[fresh] [error] load_ppp_module, can't find libpepflashplayer.so
[fresh] [error] load_ppp_module, can't find libpepflashplayer.so
[fresh] [error] load_ppp_module, can't find libpepflashplayer.so
[fresh] [error] load_ppp_module, can't find libpepflashplayer.so
[fresh] [error] load_ppp_module, can't find libpepflashplayer.so
[fresh] [error] load_ppp_module, can't find libpepflashplayer.so
1505385778418	Marionette	INFO	Listening on port 35265
JavaScript error: chrome://marionette/content/server.js, line 337: NS_ERROR_SOCKET_ADDRESS_IN_USE: Component returned failure code: 0x804b0036 (NS_ERROR_SOCKET_ADDRESS_IN_USE) [nsIServerSocket.initSpecialConnection]
1505385778518	Marionette	WARN	TLS certificate errors will be ignored for this session
1505385778544	Marionette	DEBUG	loaded listener.js
1505385778560	Marionette	INFO	New connections will no longer be accepted
1505385857791	geckodriver	INFO	geckodriver 0.18.0
1505385857793	geckodriver	INFO	Listening on 127.0.0.1:55598
1505385858908	geckodriver::marionette	INFO	Starting browser /usr/bin/firefox with args ["-marionette"]
1505385859301	Marionette	INFO	Enabled via --marionette
[fresh] [error] load_ppp_module, can't find libpepflashplayer.so
[fresh] [error] load_ppp_module, can't find libpepflashplayer.so
[fresh] [error] load_ppp_module, can't find libpepflashplayer.so
[fresh] [error] load_ppp_module, can't find libpepflashplayer.so
[fresh] [error] load_ppp_module, can't find libpepflashplayer.so
[fresh] [error] load_ppp_module, can't find libpepflashplayer.so
1505385860287	Marionette	INFO	Listening on port 33548
JavaScript error: chrome://marionette/content/server.js, line 337: NS_ERROR_SOCKET_ADDRESS_IN_USE: Component returned failure code: 0x804b0036 (NS_ERROR_SOCKET_ADDRESS_IN_USE) [nsIServerSocket.initSpecialConnection]
1505385860319	Marionette	WARN	TLS certificate errors will be ignored for this session
1505385860347	Marionette	DEBUG	loaded listener.js
1505385860362	Marionette	INFO	New connections will no longer be accepted
1505385918634	geckodriver	INFO	geckodriver 0.18.0
1505385918636	geckodriver	INFO	Listening on 127.0.0.1:36288
1505385919721	geckodriver::marionette	INFO	Starting browser /usr/bin/firefox with args ["-marionette"]
1505385920121	Marionette	INFO	Enabled via --marionette
[fresh] [error] load_ppp_module, can't find libpepflashplayer.so
[fresh] [error] load_ppp_module, can't find libpepflashplayer.so
[fresh] [error] load_ppp_module, can't find libpepflashplayer.so
[fresh] [error] load_ppp_module, can't find libpepflashplayer.so
[fresh] [error] load_ppp_module, can't find libpepflashplayer.so
[fresh] [error] load_ppp_module, can't find libpepflashplayer.so
1505385921124	Marionette	INFO	Listening on port 46348
1505385921132	Marionette	WARN	TLS certificate errors will be ignored for this session
JavaScript error: chrome://marionette/content/server.js, line 337: NS_ERROR_SOCKET_ADDRESS_IN_USE: Component returned failure code: 0x804b0036 (NS_ERROR_SOCKET_ADDRESS_IN_USE) [nsIServerSocket.initSpecialConnection]
1505385921160	Marionette	DEBUG	loaded listener.js
1505385921176	Marionette	INFO	New connections will no longer be accepted
1505385939965	geckodriver	INFO	geckodriver 0.18.0
1505385939967	geckodriver	INFO	Listening on 127.0.0.1:42248
1505385941050	geckodriver::marionette	INFO	Starting browser /usr/bin/firefox with args ["-marionette"]
1505385941469	Marionette	INFO	Enabled via --marionette
[fresh] [error] load_ppp_module, can't find libpepflashplayer.so
[fresh] [error] load_ppp_module, can't find libpepflashplayer.so
[fresh] [error] load_ppp_module, can't find libpepflashplayer.so
[fresh] [error] load_ppp_module, can't find libpepflashplayer.so
[fresh] [error] load_ppp_module, can't find libpepflashplayer.so
[fresh] [error] load_ppp_module, can't find libpepflashplayer.so
1505385942393	Marionette	INFO	Listening on port 33600
JavaScript error: chrome://marionette/content/server.js, line 337: NS_ERROR_SOCKET_ADDRESS_IN_USE: Component returned failure code: 0x804b0036 (NS_ERROR_SOCKET_ADDRESS_IN_USE) [nsIServerSocket.initSpecialConnection]
1505385942495	Marionette	WARN	TLS certificate errors will be ignored for this session
1505385942525	Marionette	DEBUG	loaded listener.js
1505385942541	Marionette	INFO	New connections will no longer be accepted
1505385960901	geckodriver	INFO	geckodriver 0.18.0
1505385960903	geckodriver	INFO	Listening on 127.0.0.1:36054
1505385962011	geckodriver::marionette	INFO	Starting browser /usr/bin/firefox with args ["-marionette"]
1505385962403	Marionette	INFO	Enabled via --marionette
[fresh] [error] load_ppp_module, can't find libpepflashplayer.so
[fresh] [error] load_ppp_module, can't find libpepflashplayer.so
[fresh] [error] load_ppp_module, can't find libpepflashplayer.so
[fresh] [error] load_ppp_module, can't find libpepflashplayer.so
[fresh] [error] load_ppp_module, can't find libpepflashplayer.so
[fresh] [error] load_ppp_module, can't find libpepflashplayer.so
1505385963327	Marionette	INFO	Listening on port 42145
JavaScript error: chrome://marionette/content/server.js, line 337: NS_ERROR_SOCKET_ADDRESS_IN_USE: Component returned failure code: 0x804b0036 (NS_ERROR_SOCKET_ADDRESS_IN_USE) [nsIServerSocket.initSpecialConnection]
1505385963420	Marionette	WARN	TLS certificate errors will be ignored for this session
1505385963450	Marionette	DEBUG	loaded listener.js
1505385963467	Marionette	DEBUG	Received DOM event "beforeunload" for "about:blank"
1505385963476	Marionette	DEBUG	Received DOM event "pagehide" for "about:blank"
1505385963476	Marionette	DEBUG	Received DOM event "unload" for "about:blank"
1505385963518	Marionette	DEBUG	Received DOM event "DOMContentLoaded" for "http://localhost:8080/mercer"
1505385963545	Marionette	DEBUG	Received DOM event "pageshow" for "http://localhost:8080/mercer"
1505385963568	Marionette	DEBUG	Received DOM event "beforeunload" for "http://localhost:8080/mercer"
1505385963576	Marionette	DEBUG	Received DOM event "pagehide" for "http://localhost:8080/mercer"
1505385963577	Marionette	DEBUG	Received DOM event "unload" for "http://localhost:8080/mercer"
1505385963590	Marionette	DEBUG	Received DOM event "DOMContentLoaded" for "http://localhost:8080/mercer"
1505385963623	Marionette	DEBUG	Received DOM event "pageshow" for "http://localhost:8080/mercer"
1505385963636	Marionette	INFO	New connections will no longer be accepted
[Child 9837] WARNING: pipe error (3): Connection reset by peer: file /build/firefox-S0wyi8/firefox-55.0.2+build1/ipc/chromium/src/chrome/common/ipc_channel_posix.cc, line 353
1505386078620	geckodriver	INFO	geckodriver 0.18.0
1505386078622	geckodriver	INFO	Listening on 127.0.0.1:54296
1505386079704	geckodriver::marionette	INFO	Starting browser /usr/bin/firefox with args ["-marionette"]
1505386080097	Marionette	INFO	Enabled via --marionette
[fresh] [error] load_ppp_module, can't find libpepflashplayer.so
[fresh] [error] load_ppp_module, can't find libpepflashplayer.so
[fresh] [error] load_ppp_module, can't find libpepflashplayer.so
[fresh] [error] load_ppp_module, can't find libpepflashplayer.so
[fresh] [error] load_ppp_module, can't find libpepflashplayer.so
[fresh] [error] load_ppp_module, can't find libpepflashplayer.so
1505386081158	Marionette	INFO	Listening on port 39223
JavaScript error: chrome://marionette/content/server.js, line 337: NS_ERROR_SOCKET_ADDRESS_IN_USE: Component returned failure code: 0x804b0036 (NS_ERROR_SOCKET_ADDRESS_IN_USE) [nsIServerSocket.initSpecialConnection]
1505386081219	Marionette	WARN	TLS certificate errors will be ignored for this session
1505386081255	Marionette	DEBUG	loaded listener.js
1505386081277	Marionette	DEBUG	Received DOM event "beforeunload" for "about:blank"
1505386081287	Marionette	DEBUG	Received DOM event "pagehide" for "about:blank"
1505386081287	Marionette	DEBUG	Received DOM event "unload" for "about:blank"
1505386081333	Marionette	DEBUG	Received DOM event "DOMContentLoaded" for "http://localhost:8080/mercer"
1505386081382	Marionette	DEBUG	Received DOM event "pageshow" for "http://localhost:8080/mercer"
1505386081422	Marionette	DEBUG	Received DOM event "beforeunload" for "http://localhost:8080/mercer"
1505386081433	Marionette	DEBUG	Received DOM event "pagehide" for "http://localhost:8080/mercer"
1505386081433	Marionette	DEBUG	Received DOM event "unload" for "http://localhost:8080/mercer"
1505386081448	Marionette	DEBUG	Received DOM event "DOMContentLoaded" for "http://localhost:8080/mercer"
1505386081487	Marionette	DEBUG	Received DOM event "pageshow" for "http://localhost:8080/mercer"
1505386081499	Marionette	INFO	New connections will no longer be accepted
1505386090283	geckodriver	INFO	geckodriver 0.18.0
1505386090285	geckodriver	INFO	Listening on 127.0.0.1:51946
1505386091369	geckodriver::marionette	INFO	Starting browser /usr/bin/firefox with args ["-marionette"]
1505386091763	Marionette	INFO	Enabled via --marionette
[fresh] [error] load_ppp_module, can't find libpepflashplayer.so
[fresh] [error] load_ppp_module, can't find libpepflashplayer.so
[fresh] [error] load_ppp_module, can't find libpepflashplayer.so
[fresh] [error] load_ppp_module, can't find libpepflashplayer.so
[fresh] [error] load_ppp_module, can't find libpepflashplayer.so
[fresh] [error] load_ppp_module, can't find libpepflashplayer.so
1505386092749	Marionette	INFO	Listening on port 45507
JavaScript error: chrome://marionette/content/server.js, line 337: NS_ERROR_SOCKET_ADDRESS_IN_USE: Component returned failure code: 0x804b0036 (NS_ERROR_SOCKET_ADDRESS_IN_USE) [nsIServerSocket.initSpecialConnection]
1505386092798	Marionette	WARN	TLS certificate errors will be ignored for this session
1505386092832	Marionette	DEBUG	loaded listener.js
1505386092848	Marionette	DEBUG	Received DOM event "beforeunload" for "about:blank"
1505386092858	Marionette	DEBUG	Received DOM event "pagehide" for "about:blank"
1505386092859	Marionette	DEBUG	Received DOM event "unload" for "about:blank"
1505386092904	Marionette	DEBUG	Received DOM event "DOMContentLoaded" for "http://localhost:8080/mercer"
1505386092937	Marionette	DEBUG	Received DOM event "pageshow" for "http://localhost:8080/mercer"
1505386092958	Marionette	DEBUG	Received DOM event "beforeunload" for "http://localhost:8080/mercer"
1505386092967	Marionette	DEBUG	Received DOM event "pagehide" for "http://localhost:8080/mercer"
1505386092967	Marionette	DEBUG	Received DOM event "unload" for "http://localhost:8080/mercer"
1505386092980	Marionette	DEBUG	Received DOM event "DOMContentLoaded" for "http://localhost:8080/mercer"
1505386093007	Marionette	DEBUG	Received DOM event "pageshow" for "http://localhost:8080/mercer"
1505386093017	Marionette	INFO	New connections will no longer be accepted
[Child 10197] WARNING: pipe error (20): Connection reset by peer: file /build/firefox-S0wyi8/firefox-55.0.2+build1/ipc/chromium/src/chrome/common/ipc_channel_posix.cc, line 353
1505386461562	geckodriver	INFO	geckodriver 0.18.0
1505386461564	geckodriver	INFO	Listening on 127.0.0.1:49224
1505386462668	geckodriver::marionette	INFO	Starting browser /usr/bin/firefox with args ["-marionette"]
1505386463066	Marionette	INFO	Enabled via --marionette
[fresh] [error] load_ppp_module, can't find libpepflashplayer.so
[fresh] [error] load_ppp_module, can't find libpepflashplayer.so
[fresh] [error] load_ppp_module, can't find libpepflashplayer.so
[fresh] [error] load_ppp_module, can't find libpepflashplayer.so
[fresh] [error] load_ppp_module, can't find libpepflashplayer.so
[fresh] [error] load_ppp_module, can't find libpepflashplayer.so
1505386464062	Marionette	INFO	Listening on port 38357
1505386464078	Marionette	WARN	TLS certificate errors will be ignored for this session
JavaScript error: chrome://marionette/content/server.js, line 337: NS_ERROR_SOCKET_ADDRESS_IN_USE: Component returned failure code: 0x804b0036 (NS_ERROR_SOCKET_ADDRESS_IN_USE) [nsIServerSocket.initSpecialConnection]
1505386464106	Marionette	DEBUG	loaded listener.js
1505386464123	Marionette	DEBUG	Received DOM event "beforeunload" for "about:blank"
1505386464132	Marionette	DEBUG	Received DOM event "pagehide" for "about:blank"
1505386464132	Marionette	DEBUG	Received DOM event "unload" for "about:blank"
1505386464169	Marionette	DEBUG	Received DOM event "DOMContentLoaded" for "http://localhost:8080/mercer"
1505386464207	Marionette	DEBUG	Received DOM event "pageshow" for "http://localhost:8080/mercer"
1505386464224	Marionette	DEBUG	Received DOM event "beforeunload" for "http://localhost:8080/mercer"
1505386464234	Marionette	DEBUG	Received DOM event "pagehide" for "http://localhost:8080/mercer"
1505386464234	Marionette	DEBUG	Received DOM event "unload" for "http://localhost:8080/mercer"
1505386464260	Marionette	DEBUG	Received DOM event "DOMContentLoaded" for "http://localhost:8080/"
1505386464292	Marionette	DEBUG	Received DOM event "pageshow" for "http://localhost:8080/"
1505386469313	Marionette	DEBUG	Received DOM event "beforeunload" for "http://localhost:8080/"
1505386469319	Marionette	DEBUG	Received DOM event "pagehide" for "http://localhost:8080/"
1505386469319	Marionette	DEBUG	Received DOM event "unload" for "http://localhost:8080/"
1505386469339	Marionette	DEBUG	Received observer notification "outer-window-destroyed" for "2147483654"
1505386469343	Marionette	DEBUG	Received DOM event "DOMContentLoaded" for "http://localhost:8080/mercer"
1505386475275	Marionette	DEBUG	Received DOM event "pageshow" for "http://localhost:8080/mercer"
1505386475284	Marionette	DEBUG	Received DOM event "beforeunload" for "http://localhost:8080/mercer"
1505386475291	Marionette	DEBUG	Received DOM event "pagehide" for "http://localhost:8080/mercer"
1505386475291	Marionette	DEBUG	Received DOM event "unload" for "http://localhost:8080/mercer"
1505386475309	Marionette	DEBUG	Received DOM event "DOMContentLoaded" for "http://localhost:8080/"
1505386480346	Marionette	DEBUG	Received DOM event "pageshow" for "http://localhost:8080/"
1505386485466	Marionette	INFO	New connections will no longer be accepted
[Child 10538] WARNING: pipe error (20): Connection reset by peer: file /build/firefox-S0wyi8/firefox-55.0.2+build1/ipc/chromium/src/chrome/common/ipc_channel_posix.cc, line 353
1505386540011	geckodriver	INFO	geckodriver 0.18.0
1505386540013	geckodriver	INFO	Listening on 127.0.0.1:41732
1505386541132	geckodriver::marionette	INFO	Starting browser /usr/bin/firefox with args ["-marionette"]
1505386541540	Marionette	INFO	Enabled via --marionette
[fresh] [error] load_ppp_module, can't find libpepflashplayer.so
[fresh] [error] load_ppp_module, can't find libpepflashplayer.so
[fresh] [error] load_ppp_module, can't find libpepflashplayer.so
[fresh] [error] load_ppp_module, can't find libpepflashplayer.so
[fresh] [error] load_ppp_module, can't find libpepflashplayer.so
[fresh] [error] load_ppp_module, can't find libpepflashplayer.so
1505386542430	Marionette	INFO	Listening on port 39467
JavaScript error: chrome://marionette/content/server.js, line 337: NS_ERROR_SOCKET_ADDRESS_IN_USE: Component returned failure code: 0x804b0036 (NS_ERROR_SOCKET_ADDRESS_IN_USE) [nsIServerSocket.initSpecialConnection]
1505386542443	Marionette	WARN	TLS certificate errors will be ignored for this session
1505386542490	Marionette	DEBUG	loaded listener.js
1505386542561	Marionette	DEBUG	Received DOM event "beforeunload" for "about:blank"
1505386542571	Marionette	DEBUG	Received DOM event "pagehide" for "about:blank"
1505386542571	Marionette	DEBUG	Received DOM event "unload" for "about:blank"
1505386542611	Marionette	DEBUG	Received DOM event "DOMContentLoaded" for "http://localhost:8080/mercer"
1505386542644	Marionette	DEBUG	Received DOM event "pageshow" for "http://localhost:8080/mercer"
1505386542658	Marionette	DEBUG	Received DOM event "beforeunload" for "http://localhost:8080/mercer"
1505386542671	Marionette	DEBUG	Received DOM event "pagehide" for "http://localhost:8080/mercer"
1505386542671	Marionette	DEBUG	Received DOM event "unload" for "http://localhost:8080/mercer"
1505386542700	Marionette	DEBUG	Received DOM event "DOMContentLoaded" for "http://localhost:8080/"
1505386542732	Marionette	DEBUG	Received DOM event "pageshow" for "http://localhost:8080/"
1505386547784	Marionette	DEBUG	Received DOM event "beforeunload" for "http://localhost:8080/"
1505386547791	Marionette	DEBUG	Received DOM event "pagehide" for "http://localhost:8080/"
1505386547791	Marionette	DEBUG	Received DOM event "unload" for "http://localhost:8080/"
1505386547808	Marionette	DEBUG	Received DOM event "DOMContentLoaded" for "http://localhost:8080/mercer"
1505386547818	Marionette	DEBUG	Received observer notification "outer-window-destroyed" for "2147483654"
1505386547834	Marionette	DEBUG	Received DOM event "pageshow" for "http://localhost:8080/mercer"
1505386547841	Marionette	DEBUG	Received DOM event "beforeunload" for "http://localhost:8080/mercer"
1505386547847	Marionette	DEBUG	Received DOM event "pagehide" for "http://localhost:8080/mercer"
1505386547847	Marionette	DEBUG	Received DOM event "unload" for "http://localhost:8080/mercer"
1505386547859	Marionette	DEBUG	Received DOM event "DOMContentLoaded" for "http://localhost:8080/"
1505386547880	Marionette	DEBUG	Received DOM event "pageshow" for "http://localhost:8080/"
1505386552987	Marionette	INFO	New connections will no longer be accepted
[Child 10693] WARNING: pipe error (20): Connection reset by peer: file /build/firefox-S0wyi8/firefox-55.0.2+build1/ipc/chromium/src/chrome/common/ipc_channel_posix.cc, line 353
[Child 10693] WARNING: pipe error (3): Connection reset by peer: file /build/firefox-S0wyi8/firefox-55.0.2+build1/ipc/chromium/src/chrome/common/ipc_channel_posix.cc, line 353
1505386778735	geckodriver	INFO	geckodriver 0.18.0
1505386778737	geckodriver	INFO	Listening on 127.0.0.1:42177
1505386779822	geckodriver::marionette	INFO	Starting browser /usr/bin/firefox with args ["-marionette"]
1505386780229	Marionette	INFO	Enabled via --marionette
[fresh] [error] load_ppp_module, can't find libpepflashplayer.so
[fresh] [error] load_ppp_module, can't find libpepflashplayer.so
[fresh] [error] load_ppp_module, can't find libpepflashplayer.so
[fresh] [error] load_ppp_module, can't find libpepflashplayer.so
[fresh] [error] load_ppp_module, can't find libpepflashplayer.so
[fresh] [error] load_ppp_module, can't find libpepflashplayer.so
1505386781153	Marionette	INFO	Listening on port 37313
1505386781233	Marionette	WARN	TLS certificate errors will be ignored for this session
JavaScript error: chrome://marionette/content/server.js, line 337: NS_ERROR_SOCKET_ADDRESS_IN_USE: Component returned failure code: 0x804b0036 (NS_ERROR_SOCKET_ADDRESS_IN_USE) [nsIServerSocket.initSpecialConnection]
1505386781267	Marionette	DEBUG	loaded listener.js
1505386781283	Marionette	DEBUG	Received DOM event "beforeunload" for "about:blank"
1505386781292	Marionette	DEBUG	Received DOM event "pagehide" for "about:blank"
1505386781292	Marionette	DEBUG	Received DOM event "unload" for "about:blank"
1505386781328	Marionette	DEBUG	Received DOM event "DOMContentLoaded" for "http://localhost:8080/mercer"
1505386781359	Marionette	DEBUG	Received DOM event "pageshow" for "http://localhost:8080/mercer"
1505386781376	Marionette	DEBUG	Received DOM event "beforeunload" for "http://localhost:8080/mercer"
1505386781384	Marionette	DEBUG	Received DOM event "pagehide" for "http://localhost:8080/mercer"
1505386781384	Marionette	DEBUG	Received DOM event "unload" for "http://localhost:8080/mercer"
1505386781411	Marionette	DEBUG	Received DOM event "DOMContentLoaded" for "http://localhost:8080/"
1505386781435	Marionette	DEBUG	Received DOM event "pageshow" for "http://localhost:8080/"
1505386786484	Marionette	DEBUG	Received DOM event "beforeunload" for "http://localhost:8080/"
1505386786495	Marionette	DEBUG	Received DOM event "pagehide" for "http://localhost:8080/"
1505386786496	Marionette	DEBUG	Received DOM event "unload" for "http://localhost:8080/"
1505386786509	Marionette	DEBUG	Received observer notification "outer-window-destroyed" for "2147483654"
1505386786516	Marionette	DEBUG	Received DOM event "DOMContentLoaded" for "http://localhost:8080/mercer"
1505386786541	Marionette	DEBUG	Received DOM event "pageshow" for "http://localhost:8080/mercer"
1505386786546	Marionette	DEBUG	Received DOM event "beforeunload" for "http://localhost:8080/mercer"
1505386786552	Marionette	DEBUG	Received DOM event "pagehide" for "http://localhost:8080/mercer"
1505386786552	Marionette	DEBUG	Received DOM event "unload" for "http://localhost:8080/mercer"
1505386786565	Marionette	DEBUG	Received DOM event "DOMContentLoaded" for "http://localhost:8080/"
1505386786585	Marionette	DEBUG	Received DOM event "pageshow" for "http://localhost:8080/"
1505386791698	Marionette	INFO	New connections will no longer be accepted
[Child 10958] WARNING: pipe error (3): Connection reset by peer: file /build/firefox-S0wyi8/firefox-55.0.2+build1/ipc/chromium/src/chrome/common/ipc_channel_posix.cc, line 353
1505386826223	geckodriver	INFO	geckodriver 0.18.0
1505386826225	geckodriver	INFO	Listening on 127.0.0.1:36804
1505386827309	geckodriver::marionette	INFO	Starting browser /usr/bin/firefox with args ["-marionette"]
1505386827724	Marionette	INFO	Enabled via --marionette
[fresh] [error] load_ppp_module, can't find libpepflashplayer.so
[fresh] [error] load_ppp_module, can't find libpepflashplayer.so
[fresh] [error] load_ppp_module, can't find libpepflashplayer.so
[fresh] [error] load_ppp_module, can't find libpepflashplayer.so
[fresh] [error] load_ppp_module, can't find libpepflashplayer.so
[fresh] [error] load_ppp_module, can't find libpepflashplayer.so
1505386828731	Marionette	INFO	Listening on port 37307
JavaScript error: chrome://marionette/content/server.js, line 337: NS_ERROR_SOCKET_ADDRESS_IN_USE: Component returned failure code: 0x804b0036 (NS_ERROR_SOCKET_ADDRESS_IN_USE) [nsIServerSocket.initSpecialConnection]
1505386828830	Marionette	WARN	TLS certificate errors will be ignored for this session
1505386828885	Marionette	DEBUG	loaded listener.js
1505386828902	Marionette	DEBUG	Received DOM event "beforeunload" for "about:blank"
1505386828911	Marionette	DEBUG	Received DOM event "pagehide" for "about:blank"
1505386828912	Marionette	DEBUG	Received DOM event "unload" for "about:blank"
1505386828943	Marionette	DEBUG	Received DOM event "DOMContentLoaded" for "http://localhost:8080/mercer"
1505386828979	Marionette	DEBUG	Received DOM event "pageshow" for "http://localhost:8080/mercer"
1505386828993	Marionette	DEBUG	Received DOM event "beforeunload" for "http://localhost:8080/mercer"
1505386829004	Marionette	DEBUG	Received DOM event "pagehide" for "http://localhost:8080/mercer"
1505386829004	Marionette	DEBUG	Received DOM event "unload" for "http://localhost:8080/mercer"
1505386829025	Marionette	DEBUG	Received DOM event "DOMContentLoaded" for "http://localhost:8080/"
1505386829055	Marionette	DEBUG	Received DOM event "pageshow" for "http://localhost:8080/"
1505386834171	Marionette	DEBUG	Received DOM event "beforeunload" for "http://localhost:8080/"
1505386834178	Marionette	DEBUG	Received DOM event "pagehide" for "http://localhost:8080/"
1505386834178	Marionette	DEBUG	Received DOM event "unload" for "http://localhost:8080/"
1505386834198	Marionette	DEBUG	Received DOM event "DOMContentLoaded" for "http://localhost:8080/mercer"
1505386834198	Marionette	DEBUG	Received observer notification "outer-window-destroyed" for "2147483654"
1505386834222	Marionette	DEBUG	Received DOM event "pageshow" for "http://localhost:8080/mercer"
1505386834231	Marionette	DEBUG	Received DOM event "beforeunload" for "http://localhost:8080/mercer"
1505386834236	Marionette	DEBUG	Received DOM event "pagehide" for "http://localhost:8080/mercer"
1505386834236	Marionette	DEBUG	Received DOM event "unload" for "http://localhost:8080/mercer"
1505386834251	Marionette	DEBUG	Received DOM event "DOMContentLoaded" for "http://localhost:8080/"
1505386834270	Marionette	DEBUG	Received DOM event "pageshow" for "http://localhost:8080/"
1505386839375	Marionette	INFO	New connections will no longer be accepted
[Child 11147] WARNING: pipe error (21): Connection reset by peer: file /build/firefox-S0wyi8/firefox-55.0.2+build1/ipc/chromium/src/chrome/common/ipc_channel_posix.cc, line 353
1505386915140	geckodriver	INFO	geckodriver 0.18.0
1505386915142	geckodriver	INFO	Listening on 127.0.0.1:59715
1505386916228	geckodriver::marionette	INFO	Starting browser /usr/bin/firefox with args ["-marionette"]
1505386916623	Marionette	INFO	Enabled via --marionette
[fresh] [error] load_ppp_module, can't find libpepflashplayer.so
[fresh] [error] load_ppp_module, can't find libpepflashplayer.so
[fresh] [error] load_ppp_module, can't find libpepflashplayer.so
[fresh] [error] load_ppp_module, can't find libpepflashplayer.so
[fresh] [error] load_ppp_module, can't find libpepflashplayer.so
[fresh] [error] load_ppp_module, can't find libpepflashplayer.so
1505386917522	Marionette	INFO	Listening on port 45448
1505386917542	Marionette	WARN	TLS certificate errors will be ignored for this session
JavaScript error: chrome://marionette/content/server.js, line 337: NS_ERROR_SOCKET_ADDRESS_IN_USE: Component returned failure code: 0x804b0036 (NS_ERROR_SOCKET_ADDRESS_IN_USE) [nsIServerSocket.initSpecialConnection]
1505386917582	Marionette	DEBUG	loaded listener.js
1505386917659	Marionette	DEBUG	Received DOM event "beforeunload" for "about:blank"
1505386917669	Marionette	DEBUG	Received DOM event "pagehide" for "about:blank"
1505386917669	Marionette	DEBUG	Received DOM event "unload" for "about:blank"
1505386917707	Marionette	DEBUG	Received DOM event "DOMContentLoaded" for "http://localhost:8080/"
1505386917738	Marionette	DEBUG	Received DOM event "pageshow" for "http://localhost:8080/"
1505386922844	Marionette	DEBUG	Received DOM event "beforeunload" for "http://localhost:8080/"
1505386922854	Marionette	DEBUG	Received DOM event "pagehide" for "http://localhost:8080/"
1505386922854	Marionette	DEBUG	Received DOM event "unload" for "http://localhost:8080/"
1505386922868	Marionette	DEBUG	Received DOM event "DOMContentLoaded" for "http://localhost:8080/"
1505386922877	Marionette	DEBUG	Received observer notification "outer-window-destroyed" for "2147483653"
1505386922891	Marionette	DEBUG	Received DOM event "pageshow" for "http://localhost:8080/"
1505386927995	Marionette	INFO	New connections will no longer be accepted
1505387166379	geckodriver	INFO	geckodriver 0.18.0
1505387166381	geckodriver	INFO	Listening on 127.0.0.1:59028
1505387167501	geckodriver::marionette	INFO	Starting browser /usr/bin/firefox with args ["-marionette"]
1505387167911	Marionette	INFO	Enabled via --marionette
[fresh] [error] load_ppp_module, can't find libpepflashplayer.so
[fresh] [error] load_ppp_module, can't find libpepflashplayer.so
[fresh] [error] load_ppp_module, can't find libpepflashplayer.so
[fresh] [error] load_ppp_module, can't find libpepflashplayer.so
[fresh] [error] load_ppp_module, can't find libpepflashplayer.so
[fresh] [error] load_ppp_module, can't find libpepflashplayer.so
1505387168997	Marionette	INFO	Listening on port 33692
JavaScript error: chrome://marionette/content/server.js, line 337: NS_ERROR_SOCKET_ADDRESS_IN_USE: Component returned failure code: 0x804b0036 (NS_ERROR_SOCKET_ADDRESS_IN_USE) [nsIServerSocket.initSpecialConnection]
1505387169012	Marionette	WARN	TLS certificate errors will be ignored for this session
1505387169038	Marionette	DEBUG	loaded listener.js
1505387169055	Marionette	DEBUG	Received DOM event "beforeunload" for "about:blank"
1505387169064	Marionette	DEBUG	Received DOM event "pagehide" for "about:blank"
1505387169065	Marionette	DEBUG	Received DOM event "unload" for "about:blank"
1505387169106	Marionette	DEBUG	Received DOM event "DOMContentLoaded" for "http://localhost:8080/"
1505387169138	Marionette	DEBUG	Received DOM event "pageshow" for "http://localhost:8080/"
1505387174204	Marionette	DEBUG	Received DOM event "beforeunload" for "http://localhost:8080/"
1505387174216	Marionette	DEBUG	Received DOM event "pagehide" for "http://localhost:8080/"
1505387174216	Marionette	DEBUG	Received DOM event "unload" for "http://localhost:8080/"
1505387174226	Marionette	DEBUG	Received observer notification "outer-window-destroyed" for "2147483653"
1505387174230	Marionette	DEBUG	Received DOM event "DOMContentLoaded" for "http://localhost:8080/"
1505387174252	Marionette	DEBUG	Received DOM event "pageshow" for "http://localhost:8080/"
1505387179353	Marionette	INFO	New connections will no longer be accepted
[Child 11574] WARNING: pipe error (36): Connection reset by peer: file /build/firefox-S0wyi8/firefox-55.0.2+build1/ipc/chromium/src/chrome/common/ipc_channel_posix.cc, line 353
[Child 11574] WARNING: pipe error (20): Connection reset by peer: file /build/firefox-S0wyi8/firefox-55.0.2+build1/ipc/chromium/src/chrome/common/ipc_channel_posix.cc, line 353
[Child 11574] WARNING: pipe error (3): Connection reset by peer: file /build/firefox-S0wyi8/firefox-55.0.2+build1/ipc/chromium/src/chrome/common/ipc_channel_posix.cc, line 353
1505387268103	geckodriver	INFO	geckodriver 0.18.0
1505387268105	geckodriver	INFO	Listening on 127.0.0.1:37238
1505387269189	geckodriver::marionette	INFO	Starting browser /usr/bin/firefox with args ["-marionette"]
1505387269575	Marionette	INFO	Enabled via --marionette
[fresh] [error] load_ppp_module, can't find libpepflashplayer.so
[fresh] [error] load_ppp_module, can't find libpepflashplayer.so
[fresh] [error] load_ppp_module, can't find libpepflashplayer.so
[fresh] [error] load_ppp_module, can't find libpepflashplayer.so
[fresh] [error] load_ppp_module, can't find libpepflashplayer.so
[fresh] [error] load_ppp_module, can't find libpepflashplayer.so
1505387270541	Marionette	INFO	Listening on port 41251
JavaScript error: chrome://marionette/content/server.js, line 337: NS_ERROR_SOCKET_ADDRESS_IN_USE: Component returned failure code: 0x804b0036 (NS_ERROR_SOCKET_ADDRESS_IN_USE) [nsIServerSocket.initSpecialConnection]
1505387270610	Marionette	WARN	TLS certificate errors will be ignored for this session
1505387270645	Marionette	DEBUG	loaded listener.js
1505387270661	Marionette	DEBUG	Received DOM event "beforeunload" for "about:blank"
1505387270671	Marionette	DEBUG	Received DOM event "pagehide" for "about:blank"
1505387270671	Marionette	DEBUG	Received DOM event "unload" for "about:blank"
1505387270706	Marionette	DEBUG	Received DOM event "DOMContentLoaded" for "http://localhost:8080/"
1505387270737	Marionette	DEBUG	Received DOM event "pageshow" for "http://localhost:8080/"
1505387275841	Marionette	DEBUG	Received DOM event "beforeunload" for "http://localhost:8080/"
1505387275852	Marionette	DEBUG	Received DOM event "pagehide" for "http://localhost:8080/"
1505387275852	Marionette	DEBUG	Received DOM event "unload" for "http://localhost:8080/"
1505387275864	Marionette	DEBUG	Received DOM event "DOMContentLoaded" for "http://localhost:8080/"
1505387275870	Marionette	DEBUG	Received observer notification "outer-window-destroyed" for "2147483653"
1505387281558	Marionette	DEBUG	Received DOM event "pageshow" for "http://localhost:8080/"
1505387286672	Marionette	INFO	New connections will no longer be accepted
1505387305654	geckodriver	INFO	geckodriver 0.18.0
1505387305656	geckodriver	INFO	Listening on 127.0.0.1:45352
1505387306766	geckodriver::marionette	INFO	Starting browser /usr/bin/firefox with args ["-marionette"]
1505387307156	Marionette	INFO	Enabled via --marionette
[fresh] [error] load_ppp_module, can't find libpepflashplayer.so
[fresh] [error] load_ppp_module, can't find libpepflashplayer.so
[fresh] [error] load_ppp_module, can't find libpepflashplayer.so
[fresh] [error] load_ppp_module, can't find libpepflashplayer.so
[fresh] [error] load_ppp_module, can't find libpepflashplayer.so
[fresh] [error] load_ppp_module, can't find libpepflashplayer.so
1505387308178	Marionette	INFO	Listening on port 45968
JavaScript error: chrome://marionette/content/server.js, line 337: NS_ERROR_SOCKET_ADDRESS_IN_USE: Component returned failure code: 0x804b0036 (NS_ERROR_SOCKET_ADDRESS_IN_USE) [nsIServerSocket.initSpecialConnection]
1505387308278	Marionette	WARN	TLS certificate errors will be ignored for this session
1505387308321	Marionette	DEBUG	loaded listener.js
1505387308338	Marionette	DEBUG	Received DOM event "beforeunload" for "about:blank"
1505387308347	Marionette	DEBUG	Received DOM event "pagehide" for "about:blank"
1505387308347	Marionette	DEBUG	Received DOM event "unload" for "about:blank"
1505387308383	Marionette	DEBUG	Received DOM event "DOMContentLoaded" for "http://localhost:8080/"
1505387308413	Marionette	DEBUG	Received DOM event "pageshow" for "http://localhost:8080/"
1505387313494	Marionette	DEBUG	Received DOM event "beforeunload" for "http://localhost:8080/"
1505387313503	Marionette	DEBUG	Received DOM event "pagehide" for "http://localhost:8080/"
1505387313503	Marionette	DEBUG	Received DOM event "unload" for "http://localhost:8080/"
1505387313514	Marionette	DEBUG	Received DOM event "DOMContentLoaded" for "http://localhost:8080/"
1505387313526	Marionette	DEBUG	Received observer notification "outer-window-destroyed" for "2147483653"
1505387313542	Marionette	DEBUG	Received DOM event "pageshow" for "http://localhost:8080/"
1505387318635	Marionette	INFO	New connections will no longer be accepted
[Child 11929] WARNING: pipe error (20): Connection reset by peer: file /build/firefox-S0wyi8/firefox-55.0.2+build1/ipc/chromium/src/chrome/common/ipc_channel_posix.cc, line 353
[Child 11929] WARNING: pipe error (3): Connection reset by peer: file /build/firefox-S0wyi8/firefox-55.0.2+build1/ipc/chromium/src/chrome/common/ipc_channel_posix.cc, line 353
1505387368170	geckodriver	INFO	geckodriver 0.18.0
1505387368172	geckodriver	INFO	Listening on 127.0.0.1:58743
1505387369253	geckodriver::marionette	INFO	Starting browser /usr/bin/firefox with args ["-marionette"]
1505387369660	Marionette	INFO	Enabled via --marionette
[fresh] [error] load_ppp_module, can't find libpepflashplayer.so
[fresh] [error] load_ppp_module, can't find libpepflashplayer.so
[fresh] [error] load_ppp_module, can't find libpepflashplayer.so
[fresh] [error] load_ppp_module, can't find libpepflashplayer.so
[fresh] [error] load_ppp_module, can't find libpepflashplayer.so
[fresh] [error] load_ppp_module, can't find libpepflashplayer.so
1505387370569	Marionette	INFO	Listening on port 41379
JavaScript error: chrome://marionette/content/server.js, line 337: NS_ERROR_SOCKET_ADDRESS_IN_USE: Component returned failure code: 0x804b0036 (NS_ERROR_SOCKET_ADDRESS_IN_USE) [nsIServerSocket.initSpecialConnection]
1505387370664	Marionette	WARN	TLS certificate errors will be ignored for this session
1505387370695	Marionette	DEBUG	loaded listener.js
1505387370711	Marionette	DEBUG	Received DOM event "beforeunload" for "about:blank"
1505387370720	Marionette	DEBUG	Received DOM event "pagehide" for "about:blank"
1505387370720	Marionette	DEBUG	Received DOM event "unload" for "about:blank"
1505387370755	Marionette	DEBUG	Received DOM event "DOMContentLoaded" for "http://localhost:8080/"
1505387370793	Marionette	DEBUG	Received DOM event "pageshow" for "http://localhost:8080/"
1505387375903	Marionette	DEBUG	Received DOM event "beforeunload" for "http://localhost:8080/"
1505387375913	Marionette	DEBUG	Received DOM event "pagehide" for "http://localhost:8080/"
1505387375913	Marionette	DEBUG	Received DOM event "unload" for "http://localhost:8080/"
1505387375926	Marionette	DEBUG	Received DOM event "DOMContentLoaded" for "http://localhost:8080/"
1505387375934	Marionette	DEBUG	Received observer notification "outer-window-destroyed" for "2147483653"
1505387375952	Marionette	DEBUG	Received DOM event "pageshow" for "http://localhost:8080/"
1505387381085	Marionette	INFO	New connections will no longer be accepted
1505387396181	geckodriver	INFO	geckodriver 0.18.0
1505387396183	geckodriver	INFO	Listening on 127.0.0.1:49348
1505387397268	geckodriver::marionette	INFO	Starting browser /usr/bin/firefox with args ["-marionette"]
1505387397661	Marionette	INFO	Enabled via --marionette
[fresh] [error] load_ppp_module, can't find libpepflashplayer.so
[fresh] [error] load_ppp_module, can't find libpepflashplayer.so
[fresh] [error] load_ppp_module, can't find libpepflashplayer.so
[fresh] [error] load_ppp_module, can't find libpepflashplayer.so
[fresh] [error] load_ppp_module, can't find libpepflashplayer.so
[fresh] [error] load_ppp_module, can't find libpepflashplayer.so
1505387398562	Marionette	INFO	Listening on port 35302
1505387398583	Marionette	WARN	TLS certificate errors will be ignored for this session
JavaScript error: chrome://marionette/content/server.js, line 337: NS_ERROR_SOCKET_ADDRESS_IN_USE: Component returned failure code: 0x804b0036 (NS_ERROR_SOCKET_ADDRESS_IN_USE) [nsIServerSocket.initSpecialConnection]
1505387398615	Marionette	DEBUG	loaded listener.js
1505387398678	Marionette	DEBUG	Received DOM event "beforeunload" for "about:blank"
1505387398689	Marionette	DEBUG	Received DOM event "pagehide" for "about:blank"
1505387398689	Marionette	DEBUG	Received DOM event "unload" for "about:blank"
1505387398727	Marionette	DEBUG	Received DOM event "DOMContentLoaded" for "http://localhost:8080/"
1505387398755	Marionette	DEBUG	Received DOM event "pageshow" for "http://localhost:8080/"
1505387403861	Marionette	DEBUG	Received DOM event "beforeunload" for "http://localhost:8080/"
1505387403871	Marionette	DEBUG	Received DOM event "pagehide" for "http://localhost:8080/"
1505387403871	Marionette	DEBUG	Received DOM event "unload" for "http://localhost:8080/"
1505387403881	Marionette	DEBUG	Received DOM event "DOMContentLoaded" for "http://localhost:8080/"
1505387403889	Marionette	DEBUG	Received observer notification "outer-window-destroyed" for "2147483653"
1505387409303	Marionette	DEBUG	Received DOM event "pageshow" for "http://localhost:8080/"
1505387414422	Marionette	INFO	New connections will no longer be accepted
1505387487357	geckodriver	INFO	geckodriver 0.18.0
1505387487359	geckodriver	INFO	Listening on 127.0.0.1:47298
1505387488442	geckodriver::marionette	INFO	Starting browser /usr/bin/firefox with args ["-marionette"]
1505387488827	Marionette	INFO	Enabled via --marionette
[fresh] [error] load_ppp_module, can't find libpepflashplayer.so
[fresh] [error] load_ppp_module, can't find libpepflashplayer.so
[fresh] [error] load_ppp_module, can't find libpepflashplayer.so
[fresh] [error] load_ppp_module, can't find libpepflashplayer.so
[fresh] [error] load_ppp_module, can't find libpepflashplayer.so
[fresh] [error] load_ppp_module, can't find libpepflashplayer.so
1505387489754	Marionette	INFO	Listening on port 37288
JavaScript error: chrome://marionette/content/server.js, line 337: NS_ERROR_SOCKET_ADDRESS_IN_USE: Component returned failure code: 0x804b0036 (NS_ERROR_SOCKET_ADDRESS_IN_USE) [nsIServerSocket.initSpecialConnection]
1505387489853	Marionette	WARN	TLS certificate errors will be ignored for this session
1505387489881	Marionette	DEBUG	loaded listener.js
1505387489896	Marionette	DEBUG	Received DOM event "beforeunload" for "about:blank"
1505387489907	Marionette	DEBUG	Received DOM event "pagehide" for "about:blank"
1505387489908	Marionette	DEBUG	Received DOM event "unload" for "about:blank"
1505387489950	Marionette	DEBUG	Received DOM event "DOMContentLoaded" for "http://localhost:8080/mercer"
1505387489977	Marionette	DEBUG	Received DOM event "pageshow" for "http://localhost:8080/mercer"
1505387489995	Marionette	DEBUG	Received DOM event "beforeunload" for "http://localhost:8080/mercer"
1505387490009	Marionette	DEBUG	Received DOM event "pagehide" for "http://localhost:8080/mercer"
1505387490009	Marionette	DEBUG	Received DOM event "unload" for "http://localhost:8080/mercer"
1505387490032	Marionette	DEBUG	Received DOM event "DOMContentLoaded" for "http://localhost:8080/"
1505387490063	Marionette	DEBUG	Received DOM event "pageshow" for "http://localhost:8080/"
1505387495175	Marionette	DEBUG	Received DOM event "beforeunload" for "http://localhost:8080/"
1505387495181	Marionette	DEBUG	Received DOM event "pagehide" for "http://localhost:8080/"
1505387495182	Marionette	DEBUG	Received DOM event "unload" for "http://localhost:8080/"
1505387495192	Marionette	DEBUG	Received observer notification "outer-window-destroyed" for "2147483654"
1505387495200	Marionette	DEBUG	Received DOM event "DOMContentLoaded" for "http://localhost:8080/mercer"
1505387495222	Marionette	DEBUG	Received DOM event "pageshow" for "http://localhost:8080/mercer"
1505387495230	Marionette	DEBUG	Received DOM event "beforeunload" for "http://localhost:8080/mercer"
1505387495236	Marionette	DEBUG	Received DOM event "pagehide" for "http://localhost:8080/mercer"
1505387495236	Marionette	DEBUG	Received DOM event "unload" for "http://localhost:8080/mercer"
1505387495249	Marionette	DEBUG	Received DOM event "DOMContentLoaded" for "http://localhost:8080/"
1505387495269	Marionette	DEBUG	Received DOM event "pageshow" for "http://localhost:8080/"
1505387500406	Marionette	INFO	New connections will no longer be accepted
[Child 12454] WARNING: pipe error (20): Connection reset by peer: file /build/firefox-S0wyi8/firefox-55.0.2+build1/ipc/chromium/src/chrome/common/ipc_channel_posix.cc, line 353
[Child 12454] WARNING: pipe error (3): Connection reset by peer: file /build/firefox-S0wyi8/firefox-55.0.2+build1/ipc/chromium/src/chrome/common/ipc_channel_posix.cc, line 353
1505387545259	geckodriver	INFO	geckodriver 0.18.0
1505387545261	geckodriver	INFO	Listening on 127.0.0.1:38059
1505387546376	geckodriver::marionette	INFO	Starting browser /usr/bin/firefox with args ["-marionette"]
1505387546760	Marionette	INFO	Enabled via --marionette
[fresh] [error] load_ppp_module, can't find libpepflashplayer.so
[fresh] [error] load_ppp_module, can't find libpepflashplayer.so
[fresh] [error] load_ppp_module, can't find libpepflashplayer.so
[fresh] [error] load_ppp_module, can't find libpepflashplayer.so
[fresh] [error] load_ppp_module, can't find libpepflashplayer.so
[fresh] [error] load_ppp_module, can't find libpepflashplayer.so
1505387547743	Marionette	INFO	Listening on port 46836
JavaScript error: chrome://marionette/content/server.js, line 337: NS_ERROR_SOCKET_ADDRESS_IN_USE: Component returned failure code: 0x804b0036 (NS_ERROR_SOCKET_ADDRESS_IN_USE) [nsIServerSocket.initSpecialConnection]
1505387547796	Marionette	WARN	TLS certificate errors will be ignored for this session
1505387547831	Marionette	DEBUG	loaded listener.js
1505387549831	Marionette	DEBUG	Received DOM event "beforeunload" for "about:blank"
1505387549845	Marionette	DEBUG	Received DOM event "pagehide" for "about:blank"
1505387549845	Marionette	DEBUG	Received DOM event "unload" for "about:blank"
1505387549883	Marionette	DEBUG	Received DOM event "DOMContentLoaded" for "http://localhost:8080/mercer"
1505387549923	Marionette	DEBUG	Received DOM event "pageshow" for "http://localhost:8080/mercer"
1505387555135	Marionette	INFO	New connections will no longer be accepted
1505387601777	geckodriver	INFO	geckodriver 0.18.0
1505387601779	geckodriver	INFO	Listening on 127.0.0.1:46008
1505387602864	geckodriver::marionette	INFO	Starting browser /usr/bin/firefox with args ["-marionette"]
1505387603274	Marionette	INFO	Enabled via --marionette
[fresh] [error] load_ppp_module, can't find libpepflashplayer.so
[fresh] [error] load_ppp_module, can't find libpepflashplayer.so
[fresh] [error] load_ppp_module, can't find libpepflashplayer.so
[fresh] [error] load_ppp_module, can't find libpepflashplayer.so
[fresh] [error] load_ppp_module, can't find libpepflashplayer.so
[fresh] [error] load_ppp_module, can't find libpepflashplayer.so
1505387604159	Marionette	INFO	Listening on port 41082
1505387604190	Marionette	WARN	TLS certificate errors will be ignored for this session
JavaScript error: chrome://marionette/content/server.js, line 337: NS_ERROR_SOCKET_ADDRESS_IN_USE: Component returned failure code: 0x804b0036 (NS_ERROR_SOCKET_ADDRESS_IN_USE) [nsIServerSocket.initSpecialConnection]
1505387604222	Marionette	DEBUG	loaded listener.js
1505387605787	Marionette	DEBUG	Received DOM event "beforeunload" for "about:blank"
1505387605803	Marionette	DEBUG	Received DOM event "pagehide" for "about:blank"
1505387605803	Marionette	DEBUG	Received DOM event "unload" for "about:blank"
1505387605855	Marionette	DEBUG	Received DOM event "DOMContentLoaded" for "http://localhost:8080/"
1505387605917	Marionette	DEBUG	Received DOM event "pageshow" for "http://localhost:8080/"
1505387652134	geckodriver	INFO	geckodriver 0.18.0
1505387652136	geckodriver	INFO	Listening on 127.0.0.1:37401
1505387653258	geckodriver::marionette	INFO	Starting browser /usr/bin/firefox with args ["-marionette"]
1505387653659	Marionette	INFO	Enabled via --marionette
[fresh] [error] load_ppp_module, can't find libpepflashplayer.so
[fresh] [error] load_ppp_module, can't find libpepflashplayer.so
[fresh] [error] load_ppp_module, can't find libpepflashplayer.so
[fresh] [error] load_ppp_module, can't find libpepflashplayer.so
[fresh] [error] load_ppp_module, can't find libpepflashplayer.so
[fresh] [error] load_ppp_module, can't find libpepflashplayer.so
1505387654646	Marionette	INFO	Listening on port 34277
JavaScript error: chrome://marionette/content/server.js, line 337: NS_ERROR_SOCKET_ADDRESS_IN_USE: Component returned failure code: 0x804b0036 (NS_ERROR_SOCKET_ADDRESS_IN_USE) [nsIServerSocket.initSpecialConnection]
1505387654667	Marionette	WARN	TLS certificate errors will be ignored for this session
1505387654695	Marionette	DEBUG	loaded listener.js
1505387656201	Marionette	DEBUG	Received DOM event "beforeunload" for "about:blank"
1505387656214	Marionette	DEBUG	Received DOM event "pagehide" for "about:blank"
1505387656215	Marionette	DEBUG	Received DOM event "unload" for "about:blank"
1505387656261	Marionette	DEBUG	Received DOM event "DOMContentLoaded" for "http://localhost:8080/"
1505387656317	Marionette	DEBUG	Received DOM event "pageshow" for "http://localhost:8080/"
1505387688431	Marionette	DEBUG	Received DOM event "beforeunload" for "http://localhost:8080/"
1505387688449	Marionette	DEBUG	Received DOM event "pagehide" for "http://localhost:8080/"
1505387688450	Marionette	DEBUG	Received DOM event "unload" for "http://localhost:8080/"
1505387688477	Marionette	DEBUG	Received DOM event "DOMContentLoaded" for "http://localhost:8080/"
1505387688479	Marionette	DEBUG	Received observer notification "outer-window-destroyed" for "2147483653"
1505387688507	Marionette	DEBUG	Received DOM event "pageshow" for "http://localhost:8080/"
1505387712027	geckodriver	INFO	geckodriver 0.18.0
1505387712030	geckodriver	INFO	Listening on 127.0.0.1:56102
1505387713144	geckodriver::marionette	INFO	Starting browser /usr/bin/firefox with args ["-marionette"]
1505387713544	Marionette	INFO	Enabled via --marionette
[fresh] [error] load_ppp_module, can't find libpepflashplayer.so
[fresh] [error] load_ppp_module, can't find libpepflashplayer.so
[fresh] [error] load_ppp_module, can't find libpepflashplayer.so
[fresh] [error] load_ppp_module, can't find libpepflashplayer.so
[fresh] [error] load_ppp_module, can't find libpepflashplayer.so
[fresh] [error] load_ppp_module, can't find libpepflashplayer.so
1505387714503	Marionette	INFO	Listening on port 45799
1505387714576	Marionette	WARN	TLS certificate errors will be ignored for this session
JavaScript error: chrome://marionette/content/server.js, line 337: NS_ERROR_SOCKET_ADDRESS_IN_USE: Component returned failure code: 0x804b0036 (NS_ERROR_SOCKET_ADDRESS_IN_USE) [nsIServerSocket.initSpecialConnection]
1505387714608	Marionette	DEBUG	loaded listener.js
1505387714620	Marionette	DEBUG	Received DOM event "beforeunload" for "about:blank"
1505387714628	Marionette	DEBUG	Received DOM event "pagehide" for "about:blank"
1505387714628	Marionette	DEBUG	Received DOM event "unload" for "about:blank"
1505387714662	Marionette	DEBUG	Received DOM event "DOMContentLoaded" for "http://localhost:8080/mercer"
1505387714706	Marionette	DEBUG	Received DOM event "pageshow" for "http://localhost:8080/mercer"
1505387714722	Marionette	DEBUG	Received DOM event "beforeunload" for "http://localhost:8080/mercer"
1505387714731	Marionette	DEBUG	Received DOM event "pagehide" for "http://localhost:8080/mercer"
1505387714731	Marionette	DEBUG	Received DOM event "unload" for "http://localhost:8080/mercer"
1505387714750	Marionette	DEBUG	Received DOM event "DOMContentLoaded" for "http://localhost:8080/"
1505387714777	Marionette	DEBUG	Received DOM event "pageshow" for "http://localhost:8080/"
1505387719893	Marionette	DEBUG	Received DOM event "beforeunload" for "http://localhost:8080/"
1505387719900	Marionette	DEBUG	Received DOM event "pagehide" for "http://localhost:8080/"
1505387719900	Marionette	DEBUG	Received DOM event "unload" for "http://localhost:8080/"
1505387719913	Marionette	DEBUG	Received DOM event "DOMContentLoaded" for "http://localhost:8080/mercer"
1505387719921	Marionette	DEBUG	Received observer notification "outer-window-destroyed" for "2147483654"
1505387725782	Marionette	DEBUG	Received DOM event "pageshow" for "http://localhost:8080/mercer"
1505387725791	Marionette	DEBUG	Received DOM event "beforeunload" for "http://localhost:8080/mercer"
1505387725798	Marionette	DEBUG	Received DOM event "pagehide" for "http://localhost:8080/mercer"
1505387725798	Marionette	DEBUG	Received DOM event "unload" for "http://localhost:8080/mercer"
1505387725813	Marionette	DEBUG	Received DOM event "DOMContentLoaded" for "http://localhost:8080/"
1505387725839	Marionette	DEBUG	Received DOM event "pageshow" for "http://localhost:8080/"
1505387731095	Marionette	INFO	New connections will no longer be accepted
[Child 13943] WARNING: pipe error (20): Connection reset by peer: file /build/firefox-S0wyi8/firefox-55.0.2+build1/ipc/chromium/src/chrome/common/ipc_channel_posix.cc, line 353
[Child 13943] WARNING: pipe error (3): Connection reset by peer: file /build/firefox-S0wyi8/firefox-55.0.2+build1/ipc/chromium/src/chrome/common/ipc_channel_posix.cc, line 353
1505387865433	geckodriver	INFO	geckodriver 0.18.0
1505387865435	geckodriver	INFO	Listening on 127.0.0.1:49477
1505387866548	geckodriver::marionette	INFO	Starting browser /usr/bin/firefox with args ["-marionette"]
1505387866940	Marionette	INFO	Enabled via --marionette
[fresh] [error] load_ppp_module, can't find libpepflashplayer.so
[fresh] [error] load_ppp_module, can't find libpepflashplayer.so
[fresh] [error] load_ppp_module, can't find libpepflashplayer.so
[fresh] [error] load_ppp_module, can't find libpepflashplayer.so
[fresh] [error] load_ppp_module, can't find libpepflashplayer.so
[fresh] [error] load_ppp_module, can't find libpepflashplayer.so
1505387867843	Marionette	INFO	Listening on port 37850
JavaScript error: chrome://marionette/content/server.js, line 337: NS_ERROR_SOCKET_ADDRESS_IN_USE: Component returned failure code: 0x804b0036 (NS_ERROR_SOCKET_ADDRESS_IN_USE) [nsIServerSocket.initSpecialConnection]
1505387867918	Marionette	WARN	TLS certificate errors will be ignored for this session
1505387867951	Marionette	DEBUG	loaded listener.js
1505387867966	Marionette	DEBUG	Received DOM event "beforeunload" for "about:blank"
1505387867975	Marionette	DEBUG	Received DOM event "pagehide" for "about:blank"
1505387867975	Marionette	DEBUG	Received DOM event "unload" for "about:blank"
1505387868014	Marionette	DEBUG	Received DOM event "DOMContentLoaded" for "http://localhost:8080/mercer"
1505387868048	Marionette	DEBUG	Received DOM event "pageshow" for "http://localhost:8080/mercer"
1505387868065	Marionette	DEBUG	Received DOM event "beforeunload" for "http://localhost:8080/mercer"
1505387868076	Marionette	DEBUG	Received DOM event "pagehide" for "http://localhost:8080/mercer"
1505387868077	Marionette	DEBUG	Received DOM event "unload" for "http://localhost:8080/mercer"
1505387868094	Marionette	DEBUG	Received DOM event "DOMContentLoaded" for "http://localhost:8080/"
1505387868127	Marionette	DEBUG	Received DOM event "pageshow" for "http://localhost:8080/"
1505387873214	Marionette	DEBUG	Received DOM event "beforeunload" for "http://localhost:8080/"
1505387873220	Marionette	DEBUG	Received DOM event "pagehide" for "http://localhost:8080/"
1505387873221	Marionette	DEBUG	Received DOM event "unload" for "http://localhost:8080/"
1505387873238	Marionette	DEBUG	Received DOM event "DOMContentLoaded" for "http://localhost:8080/mercer"
1505387873243	Marionette	DEBUG	Received observer notification "outer-window-destroyed" for "2147483654"
1505387873264	Marionette	DEBUG	Received DOM event "pageshow" for "http://localhost:8080/mercer"
1505387873273	Marionette	DEBUG	Received DOM event "beforeunload" for "http://localhost:8080/mercer"
1505387873278	Marionette	DEBUG	Received DOM event "pagehide" for "http://localhost:8080/mercer"
1505387873278	Marionette	DEBUG	Received DOM event "unload" for "http://localhost:8080/mercer"
1505387873294	Marionette	DEBUG	Received DOM event "DOMContentLoaded" for "http://localhost:8080/"
1505387873312	Marionette	DEBUG	Received DOM event "pageshow" for "http://localhost:8080/"
1505387878445	Marionette	INFO	New connections will no longer be accepted
[Child 14160] WARNING: pipe error (36): Connection reset by peer: file /build/firefox-S0wyi8/firefox-55.0.2+build1/ipc/chromium/src/chrome/common/ipc_channel_posix.cc, line 353
[Child 14160] WARNING: pipe error (19): Connection reset by peer: file /build/firefox-S0wyi8/firefox-55.0.2+build1/ipc/chromium/src/chrome/common/ipc_channel_posix.cc, line 353
[Child 14160] WARNING: pipe error (3): Connection reset by peer: file /build/firefox-S0wyi8/firefox-55.0.2+build1/ipc/chromium/src/chrome/common/ipc_channel_posix.cc, line 353
1505388023652	geckodriver	INFO	geckodriver 0.18.0
1505388023654	geckodriver	INFO	Listening on 127.0.0.1:42418
1505388024758	geckodriver::marionette	INFO	Starting browser /usr/bin/firefox with args ["-marionette"]
1505388025162	Marionette	INFO	Enabled via --marionette
[fresh] [error] load_ppp_module, can't find libpepflashplayer.so
[fresh] [error] load_ppp_module, can't find libpepflashplayer.so
[fresh] [error] load_ppp_module, can't find libpepflashplayer.so
[fresh] [error] load_ppp_module, can't find libpepflashplayer.so
[fresh] [error] load_ppp_module, can't find libpepflashplayer.so
[fresh] [error] load_ppp_module, can't find libpepflashplayer.so
1505388026087	Marionette	INFO	Listening on port 43546
JavaScript error: chrome://marionette/content/server.js, line 337: NS_ERROR_SOCKET_ADDRESS_IN_USE: Component returned failure code: 0x804b0036 (NS_ERROR_SOCKET_ADDRESS_IN_USE) [nsIServerSocket.initSpecialConnection]
1505388026187	Marionette	WARN	TLS certificate errors will be ignored for this session
1505388026220	Marionette	DEBUG	loaded listener.js
1505388026237	Marionette	DEBUG	Received DOM event "beforeunload" for "about:blank"
1505388054455	Marionette	DEBUG	Received DOM event "beforeunload" for "about:blank"
1505388054485	Marionette	DEBUG	Received DOM event "pagehide" for "about:blank"
1505388054486	Marionette	DEBUG	Received DOM event "unload" for "about:blank"
1505388054487	Marionette	DEBUG	Received observer notification "outer-window-destroyed" for "2147483649"
1505388056399	geckodriver	INFO	geckodriver 0.18.0
1505388056401	geckodriver	INFO	Listening on 127.0.0.1:39841
1505388057515	geckodriver::marionette	INFO	Starting browser /usr/bin/firefox with args ["-marionette"]
1505388057914	Marionette	INFO	Enabled via --marionette
[fresh] [error] load_ppp_module, can't find libpepflashplayer.so
[fresh] [error] load_ppp_module, can't find libpepflashplayer.so
[fresh] [error] load_ppp_module, can't find libpepflashplayer.so
[fresh] [error] load_ppp_module, can't find libpepflashplayer.so
[fresh] [error] load_ppp_module, can't find libpepflashplayer.so
[fresh] [error] load_ppp_module, can't find libpepflashplayer.so
1505388058897	Marionette	INFO	Listening on port 46559
1505388058931	Marionette	WARN	TLS certificate errors will be ignored for this session
JavaScript error: chrome://marionette/content/server.js, line 337: NS_ERROR_SOCKET_ADDRESS_IN_USE: Component returned failure code: 0x804b0036 (NS_ERROR_SOCKET_ADDRESS_IN_USE) [nsIServerSocket.initSpecialConnection]
1505388058963	Marionette	DEBUG	loaded listener.js
1505388058979	Marionette	DEBUG	Received DOM event "beforeunload" for "about:blank"
1505388074217	Marionette	DEBUG	Received DOM event "beforeunload" for "about:blank"
1505388074245	Marionette	DEBUG	Received DOM event "pagehide" for "about:blank"
1505388074245	Marionette	DEBUG	Received DOM event "unload" for "about:blank"
1505388074247	Marionette	DEBUG	Received observer notification "outer-window-destroyed" for "2147483649"
[Child 14632] WARNING: pipe error (3): Connection reset by peer: file /build/firefox-S0wyi8/firefox-55.0.2+build1/ipc/chromium/src/chrome/common/ipc_channel_posix.cc, line 353

###!!! [Child][MessageChannel] Error: (msgtype=0x4400C6,name=PContent::Msg_GraphicsError) Channel error: cannot send/recv

[GFX1-]: Receive IPC close with reason=AbnormalShutdown
1505388119999	geckodriver	INFO	geckodriver 0.18.0
1505388120001	geckodriver	INFO	Listening on 127.0.0.1:60800
1505388121114	geckodriver::marionette	INFO	Starting browser /usr/bin/firefox with args ["-marionette"]
1505388121498	Marionette	INFO	Enabled via --marionette
[fresh] [error] load_ppp_module, can't find libpepflashplayer.so
[fresh] [error] load_ppp_module, can't find libpepflashplayer.so
[fresh] [error] load_ppp_module, can't find libpepflashplayer.so
[fresh] [error] load_ppp_module, can't find libpepflashplayer.so
[fresh] [error] load_ppp_module, can't find libpepflashplayer.so
[fresh] [error] load_ppp_module, can't find libpepflashplayer.so
1505388122456	Marionette	INFO	Listening on port 40810
JavaScript error: chrome://marionette/content/server.js, line 337: NS_ERROR_SOCKET_ADDRESS_IN_USE: Component returned failure code: 0x804b0036 (NS_ERROR_SOCKET_ADDRESS_IN_USE) [nsIServerSocket.initSpecialConnection]
1505388122555	Marionette	WARN	TLS certificate errors will be ignored for this session
1505388122587	Marionette	DEBUG	loaded listener.js
1505388122603	Marionette	DEBUG	Received DOM event "beforeunload" for "about:blank"
1505388122614	Marionette	DEBUG	Received DOM event "pagehide" for "about:blank"
1505388122614	Marionette	DEBUG	Received DOM event "unload" for "about:blank"
1505388122645	Marionette	DEBUG	Received DOM event "DOMContentLoaded" for "http://localhost:8080/mercer"
1505388122684	Marionette	DEBUG	Received DOM event "pageshow" for "http://localhost:8080/mercer"
1505388122700	Marionette	DEBUG	Received DOM event "beforeunload" for "http://localhost:8080/mercer"
1505388122710	Marionette	DEBUG	Received DOM event "pagehide" for "http://localhost:8080/mercer"
1505388122711	Marionette	DEBUG	Received DOM event "unload" for "http://localhost:8080/mercer"
1505388122735	Marionette	DEBUG	Received DOM event "DOMContentLoaded" for "http://localhost:8080/"
1505388122761	Marionette	DEBUG	Received DOM event "pageshow" for "http://localhost:8080/"
1505388127879	Marionette	DEBUG	Received DOM event "beforeunload" for "http://localhost:8080/"
1505388127886	Marionette	DEBUG	Received DOM event "pagehide" for "http://localhost:8080/"
1505388127886	Marionette	DEBUG	Received DOM event "unload" for "http://localhost:8080/"
1505388127897	Marionette	DEBUG	Received DOM event "DOMContentLoaded" for "http://localhost:8080/mercer"
1505388127908	Marionette	DEBUG	Received observer notification "outer-window-destroyed" for "2147483654"
1505388133762	Marionette	DEBUG	Received DOM event "pageshow" for "http://localhost:8080/mercer"
1505388133770	Marionette	DEBUG	Received DOM event "beforeunload" for "http://localhost:8080/mercer"
1505388133779	Marionette	DEBUG	Received DOM event "pagehide" for "http://localhost:8080/mercer"
1505388133779	Marionette	DEBUG	Received DOM event "unload" for "http://localhost:8080/mercer"
1505388133796	Marionette	DEBUG	Received DOM event "DOMContentLoaded" for "http://localhost:8080/"
1505388133819	Marionette	DEBUG	Received DOM event "pageshow" for "http://localhost:8080/"
1505388138940	Marionette	INFO	New connections will no longer be accepted
[Child 15448] WARNING: pipe error (3): Connection reset by peer: file /build/firefox-S0wyi8/firefox-55.0.2+build1/ipc/chromium/src/chrome/common/ipc_channel_posix.cc, line 353
